<?xml version="1.0" encoding="UTF-8"?>
<robot generator="Robot 3.1.2 (Python 3.7.4 on win32)" generated="20200907 01:09:26.008" rpa="false">
<suite id="s1" name="Rftest" source="G:\ride\RobotFramework\workspace\rftest">
<suite id="s1-s1" name="Testcase" source="G:\ride\RobotFramework\workspace\rftest\Testcase">
<kw name="set1" library="source" type="setup">
<kw name="Log" library="BuiltIn">
<doc>Logs the given message with the given level.</doc>
<arguments>
<arg>suitup开始</arg>
</arguments>
<msg timestamp="20200907 01:09:26.134" level="INFO">suitup开始</msg>
<status status="PASS" starttime="20200907 01:09:26.133" endtime="20200907 01:09:26.134"></status>
</kw>
<status status="PASS" starttime="20200907 01:09:26.133" endtime="20200907 01:09:26.135"></status>
</kw>
<suite id="s1-s1-s1" name="0A" source="G:\ride\RobotFramework\workspace\rftest\Testcase\0a.robot">
<test id="s1-s1-s1-t1" name="newtest">
<kw name="test1" library="source" type="setup">
<kw name="Log" library="BuiltIn">
<doc>Logs the given message with the given level.</doc>
<arguments>
<arg>testup 开始</arg>
</arguments>
<msg timestamp="20200907 01:09:26.142" level="INFO">testup 开始</msg>
<status status="PASS" starttime="20200907 01:09:26.141" endtime="20200907 01:09:26.142"></status>
</kw>
<status status="PASS" starttime="20200907 01:09:26.140" endtime="20200907 01:09:26.142"></status>
</kw>
<kw name="No Operation" library="BuiltIn">
<doc>Does absolutely nothing.</doc>
<status status="PASS" starttime="20200907 01:09:26.143" endtime="20200907 01:09:26.143"></status>
</kw>
<status status="PASS" starttime="20200907 01:09:26.140" endtime="20200907 01:09:26.143" critical="yes"></status>
</test>
<status status="PASS" starttime="20200907 01:09:26.135" endtime="20200907 01:09:26.144"></status>
</suite>
<suite id="s1-s1-s2" name="A1" source="G:\ride\RobotFramework\workspace\rftest\Testcase\a1.robot">
<test id="s1-s1-s2-t1" name="case1">
<kw name="test1" library="source" type="setup">
<kw name="Log" library="BuiltIn">
<doc>Logs the given message with the given level.</doc>
<arguments>
<arg>testup 开始</arg>
</arguments>
<msg timestamp="20200907 01:09:26.153" level="INFO">testup 开始</msg>
<status status="PASS" starttime="20200907 01:09:26.153" endtime="20200907 01:09:26.153"></status>
</kw>
<status status="PASS" starttime="20200907 01:09:26.152" endtime="20200907 01:09:26.154"></status>
</kw>
<kw name="No Operation" library="BuiltIn">
<doc>Does absolutely nothing.</doc>
<status status="PASS" starttime="20200907 01:09:26.154" endtime="20200907 01:09:26.154"></status>
</kw>
<status status="PASS" starttime="20200907 01:09:26.151" endtime="20200907 01:09:26.155" critical="yes"></status>
</test>
<test id="s1-s1-s2-t2" name="case2">
<kw name="test1" library="source" type="setup">
<kw name="Log" library="BuiltIn">
<doc>Logs the given message with the given level.</doc>
<arguments>
<arg>testup 开始</arg>
</arguments>
<msg timestamp="20200907 01:09:26.157" level="INFO">testup 开始</msg>
<status status="PASS" starttime="20200907 01:09:26.157" endtime="20200907 01:09:26.158"></status>
</kw>
<status status="PASS" starttime="20200907 01:09:26.156" endtime="20200907 01:09:26.158"></status>
</kw>
<kw name="No Operation" library="BuiltIn">
<doc>Does absolutely nothing.</doc>
<status status="PASS" starttime="20200907 01:09:26.158" endtime="20200907 01:09:26.159"></status>
</kw>
<status status="PASS" starttime="20200907 01:09:26.155" endtime="20200907 01:09:26.159" critical="yes"></status>
</test>
<status status="PASS" starttime="20200907 01:09:26.146" endtime="20200907 01:09:26.160"></status>
</suite>
<suite id="s1-s1-s3" name="C2" source="G:\ride\RobotFramework\workspace\rftest\Testcase\c2.robot">
<test id="s1-s1-s3-t1" name="case1">
<kw name="test1" library="source" type="setup">
<kw name="Log" library="BuiltIn">
<doc>Logs the given message with the given level.</doc>
<arguments>
<arg>testup 开始</arg>
</arguments>
<msg timestamp="20200907 01:09:26.168" level="INFO">testup 开始</msg>
<status status="PASS" starttime="20200907 01:09:26.168" endtime="20200907 01:09:26.168"></status>
</kw>
<status status="PASS" starttime="20200907 01:09:26.167" endtime="20200907 01:09:26.169"></status>
</kw>
<kw name="No Operation" library="BuiltIn">
<doc>Does absolutely nothing.</doc>
<status status="PASS" starttime="20200907 01:09:26.169" endtime="20200907 01:09:26.170"></status>
</kw>
<status status="PASS" starttime="20200907 01:09:26.166" endtime="20200907 01:09:26.170" critical="yes"></status>
</test>
<test id="s1-s1-s3-t2" name="case2">
<kw name="test1" library="source" type="setup">
<kw name="Log" library="BuiltIn">
<doc>Logs the given message with the given level.</doc>
<arguments>
<arg>testup 开始</arg>
</arguments>
<msg timestamp="20200907 01:09:26.172" level="INFO">testup 开始</msg>
<status status="PASS" starttime="20200907 01:09:26.172" endtime="20200907 01:09:26.173"></status>
</kw>
<status status="PASS" starttime="20200907 01:09:26.171" endtime="20200907 01:09:26.173"></status>
</kw>
<kw name="No Operation" library="BuiltIn">
<doc>Does absolutely nothing.</doc>
<status status="PASS" starttime="20200907 01:09:26.173" endtime="20200907 01:09:26.174"></status>
</kw>
<status status="PASS" starttime="20200907 01:09:26.171" endtime="20200907 01:09:26.174" critical="yes"></status>
</test>
<status status="PASS" starttime="20200907 01:09:26.162" endtime="20200907 01:09:26.175"></status>
</suite>
<suite id="s1-s1-s4" name="Lever1" source="G:\ride\RobotFramework\workspace\rftest\Testcase\lever1">
<suite id="s1-s1-s4-s1" name="L1" source="G:\ride\RobotFramework\workspace\rftest\Testcase\lever1\l1.robot">
<test id="s1-s1-s4-s1-t1" name="casel1">
<kw name="test1" library="source" type="setup">
<kw name="Log" library="BuiltIn">
<doc>Logs the given message with the given level.</doc>
<arguments>
<arg>testup 开始</arg>
</arguments>
<msg timestamp="20200907 01:09:26.187" level="INFO">testup 开始</msg>
<status status="PASS" starttime="20200907 01:09:26.187" endtime="20200907 01:09:26.187"></status>
</kw>
<status status="PASS" starttime="20200907 01:09:26.186" endtime="20200907 01:09:26.188"></status>
</kw>
<kw name="No Operation" library="BuiltIn">
<doc>Does absolutely nothing.</doc>
<status status="PASS" starttime="20200907 01:09:26.188" endtime="20200907 01:09:26.189"></status>
</kw>
<status status="PASS" starttime="20200907 01:09:26.185" endtime="20200907 01:09:26.189" critical="yes"></status>
</test>
<status status="PASS" starttime="20200907 01:09:26.181" endtime="20200907 01:09:26.190"></status>
</suite>
<status status="PASS" starttime="20200907 01:09:26.177" endtime="20200907 01:09:26.192"></status>
</suite>
<status status="PASS" starttime="20200907 01:09:26.125" endtime="20200907 01:09:26.194"></status>
</suite>
<status status="PASS" starttime="20200907 01:09:26.079" endtime="20200907 01:09:26.197"></status>
</suite>
<statistics>
<total>
<stat pass="6" fail="0">Critical Tests</stat>
<stat pass="6" fail="0">All Tests</stat>
</total>
<tag>
</tag>
<suite>
<stat pass="6" fail="0" id="s1" name="Rftest">Rftest</stat>
<stat pass="6" fail="0" id="s1-s1" name="Testcase">Rftest.Testcase</stat>
<stat pass="1" fail="0" id="s1-s1-s1" name="0A">Rftest.Testcase.0A</stat>
<stat pass="2" fail="0" id="s1-s1-s2" name="A1">Rftest.Testcase.A1</stat>
<stat pass="2" fail="0" id="s1-s1-s3" name="C2">Rftest.Testcase.C2</stat>
<stat pass="1" fail="0" id="s1-s1-s4" name="Lever1">Rftest.Testcase.Lever1</stat>
<stat pass="1" fail="0" id="s1-s1-s4-s1" name="L1">Rftest.Testcase.Lever1.L1</stat>
</suite>
</statistics>
<errors>
</errors>
</robot>
